2022-03-21 21:19:58.781  INFO 25213 --- [main] c.e.u.service.AdvertServiceImplTest      : Starting AdvertServiceImplTest using Java 11.0.11 on Enes-MacBook-Pro.local with PID 25213 (started by enes in /Users/enes/Desktop/hepsiemlak_project/updateAdvertStatus-service)
2022-03-21 21:19:58.783  INFO 25213 --- [main] c.e.u.service.AdvertServiceImplTest      : No active profile set, falling back to 1 default profile: "default"
2022-03-21 21:19:59.289  INFO 25213 --- [main] o.s.b.context.config.ConfigDataLoader    : Fetching config from server at : http://localhost:5859
2022-03-21 21:19:59.290  INFO 25213 --- [main] o.s.b.context.config.ConfigDataLoader    : Located environment: name=updateAdvertStatus-service, profiles=[default], label=null, version=null, state=null
2022-03-21 21:20:00.998  INFO 25213 --- [main] .s.d.r.c.RepositoryConfigurationDelegate : Bootstrapping Spring Data JPA repositories in DEFAULT mode.
2022-03-21 21:20:01.334  INFO 25213 --- [main] .s.d.r.c.RepositoryConfigurationDelegate : Finished Spring Data repository scanning in 325 ms. Found 1 JPA repository interfaces.
2022-03-21 21:20:01.804  INFO 25213 --- [main] o.s.cloud.context.scope.GenericScope     : BeanFactory id=e57b3aba-96e1-3bbb-ac7f-6fd74f6316d0
2022-03-21 21:20:02.514  INFO 25213 --- [main] com.zaxxer.hikari.HikariDataSource       : HikariPool-1 - Starting...
2022-03-21 21:20:03.138  INFO 25213 --- [main] com.zaxxer.hikari.HikariDataSource       : HikariPool-1 - Start completed.
2022-03-21 21:20:03.236  INFO 25213 --- [main] o.hibernate.jpa.internal.util.LogHelper  : HHH000204: Processing PersistenceUnitInfo [name: default]
2022-03-21 21:20:03.318  INFO 25213 --- [main] org.hibernate.Version                    : HHH000412: Hibernate ORM core version 5.6.5.Final
2022-03-21 21:20:03.811  INFO 25213 --- [main] o.hibernate.annotations.common.Version   : HCANN000001: Hibernate Commons Annotations {5.1.2.Final}
2022-03-21 21:20:04.174  INFO 25213 --- [main] org.hibernate.dialect.Dialect            : HHH000400: Using dialect: org.hibernate.dialect.MySQL8Dialect
2022-03-21 21:20:05.038  INFO 25213 --- [main] o.h.e.t.j.p.i.JtaPlatformInitiator       : HHH000490: Using JtaPlatform implementation: [org.hibernate.engine.transaction.jta.platform.internal.NoJtaPlatform]
2022-03-21 21:20:05.050  INFO 25213 --- [main] j.LocalContainerEntityManagerFactoryBean : Initialized JPA EntityManagerFactory for persistence unit 'default'
2022-03-21 21:20:05.915  WARN 25213 --- [main] JpaBaseConfiguration$JpaWebConfiguration : spring.jpa.open-in-view is enabled by default. Therefore, database queries may be performed during view rendering. Explicitly configure spring.jpa.open-in-view to disable this warning
2022-03-21 21:20:08.257  INFO 25213 --- [main] DiscoveryClientOptionalArgsConfiguration : Eureka HTTP Client uses Jersey
2022-03-21 21:20:08.538  WARN 25213 --- [main] iguration$LoadBalancerCaffeineWarnLogger : Spring Cloud LoadBalancer is currently working with the default cache. While this cache implementation is useful for development and tests, it's recommended to use Caffeine cache in production.You can switch to using Caffeine cache, by adding it and org.springframework.cache.caffeine.CaffeineCacheManager to the classpath.
2022-03-21 21:20:08.553  INFO 25213 --- [main] o.s.b.a.e.web.EndpointLinksResolver      : Exposing 1 endpoint(s) beneath base path '/actuator'
2022-03-21 21:20:08.643  INFO 25213 --- [main] o.s.c.n.eureka.InstanceInfoFactory       : Setting initial instance status as: STARTING
2022-03-21 21:20:08.833  INFO 25213 --- [main] com.netflix.discovery.DiscoveryClient    : Initializing Eureka in region us-east-1
2022-03-21 21:20:08.928  INFO 25213 --- [main] c.n.d.provider.DiscoveryJerseyProvider   : Using JSON encoding codec LegacyJacksonJson
2022-03-21 21:20:08.928  INFO 25213 --- [main] c.n.d.provider.DiscoveryJerseyProvider   : Using JSON decoding codec LegacyJacksonJson
2022-03-21 21:20:09.265  INFO 25213 --- [main] c.n.d.provider.DiscoveryJerseyProvider   : Using XML encoding codec XStreamXml
2022-03-21 21:20:09.266  INFO 25213 --- [main] c.n.d.provider.DiscoveryJerseyProvider   : Using XML decoding codec XStreamXml
2022-03-21 21:20:09.559  INFO 25213 --- [main] c.n.d.s.r.aws.ConfigClusterResolver      : Resolving eureka endpoints via configuration
2022-03-21 21:20:09.591  INFO 25213 --- [main] com.netflix.discovery.DiscoveryClient    : Disable delta property : false
2022-03-21 21:20:09.591  INFO 25213 --- [main] com.netflix.discovery.DiscoveryClient    : Single vip registry refresh property : null
2022-03-21 21:20:09.592  INFO 25213 --- [main] com.netflix.discovery.DiscoveryClient    : Force full registry fetch : false
2022-03-21 21:20:09.592  INFO 25213 --- [main] com.netflix.discovery.DiscoveryClient    : Application is null : false
2022-03-21 21:20:09.592  INFO 25213 --- [main] com.netflix.discovery.DiscoveryClient    : Registered Applications size is zero : true
2022-03-21 21:20:09.592  INFO 25213 --- [main] com.netflix.discovery.DiscoveryClient    : Application version is -1: true
2022-03-21 21:20:09.593  INFO 25213 --- [main] com.netflix.discovery.DiscoveryClient    : Getting all instance registry info from the eureka server
2022-03-21 21:20:09.944  INFO 25213 --- [main] com.netflix.discovery.DiscoveryClient    : The response status is 200
2022-03-21 21:20:09.951  INFO 25213 --- [main] com.netflix.discovery.DiscoveryClient    : Starting heartbeat executor: renew interval is: 30
2022-03-21 21:20:09.969  INFO 25213 --- [main] c.n.discovery.InstanceInfoReplicator     : InstanceInfoReplicator onDemand update allowed rate per min is 4
2022-03-21 21:20:09.989  INFO 25213 --- [main] com.netflix.discovery.DiscoveryClient    : Discovery Client initialized at timestamp 1647886809987 with initial instances count: 6
2022-03-21 21:20:09.998  INFO 25213 --- [main] o.s.c.n.e.s.EurekaServiceRegistry        : Registering application UDAPTEADVERTSTATUS-SERVICE with eureka with status UP
2022-03-21 21:20:09.999  INFO 25213 --- [main] com.netflix.discovery.DiscoveryClient    : Saw local status change event StatusChangeEvent [timestamp=1647886809999, current=UP, previous=STARTING]
2022-03-21 21:20:10.003  INFO 25213 --- [DiscoveryClient-InstanceInfoReplicator-0] com.netflix.discovery.DiscoveryClient    : DiscoveryClient_UDAPTEADVERTSTATUS-SERVICE/192.168.1.25:udapteAdvertStatus-service:5862: registering service...
2022-03-21 21:20:10.021  INFO 25213 --- [main] o.s.a.r.c.CachingConnectionFactory       : Attempting to connect to: [localhost:5672]
2022-03-21 21:20:10.072  INFO 25213 --- [DiscoveryClient-InstanceInfoReplicator-0] com.netflix.discovery.DiscoveryClient    : DiscoveryClient_UDAPTEADVERTSTATUS-SERVICE/192.168.1.25:udapteAdvertStatus-service:5862 - registration status: 204
2022-03-21 21:20:10.286  INFO 25213 --- [main] o.s.a.r.c.CachingConnectionFactory       : Created new connection: rabbitConnectionFactory#162c89ac:0/SimpleConnection@6127ae9e [delegate=amqp://guest@127.0.0.1:5672/, localPort= 64254]
2022-03-21 21:20:10.367  INFO 25213 --- [main] c.e.u.service.AdvertServiceImplTest      : Started AdvertServiceImplTest in 13.519 seconds (JVM running for 16.817)
2022-03-21 21:20:10.855  INFO 25213 --- [main] c.e.u.service.AdvertService              : The status no: 12345 advert has been updated.
2022-03-21 21:20:10.950  INFO 25213 --- [SpringApplicationShutdownHook] o.s.c.n.e.s.EurekaServiceRegistry        : Unregistering application UDAPTEADVERTSTATUS-SERVICE with eureka with status DOWN
2022-03-21 21:20:10.950  INFO 25213 --- [SpringApplicationShutdownHook] com.netflix.discovery.DiscoveryClient    : Saw local status change event StatusChangeEvent [timestamp=1647886810950, current=DOWN, previous=UP]
2022-03-21 21:20:10.951  INFO 25213 --- [DiscoveryClient-InstanceInfoReplicator-0] com.netflix.discovery.DiscoveryClient    : DiscoveryClient_UDAPTEADVERTSTATUS-SERVICE/192.168.1.25:udapteAdvertStatus-service:5862: registering service...
2022-03-21 21:20:10.962  INFO 25213 --- [DiscoveryClient-InstanceInfoReplicator-0] com.netflix.discovery.DiscoveryClient    : DiscoveryClient_UDAPTEADVERTSTATUS-SERVICE/192.168.1.25:udapteAdvertStatus-service:5862 - registration status: 204
2022-03-21 21:20:10.970  INFO 25213 --- [SpringApplicationShutdownHook] o.s.a.r.l.SimpleMessageListenerContainer : Waiting for workers to finish.
2022-03-21 21:20:11.360  INFO 25213 --- [SpringApplicationShutdownHook] o.s.a.r.l.SimpleMessageListenerContainer : Successfully waited for workers to finish.
2022-03-21 21:20:11.385  INFO 25213 --- [SpringApplicationShutdownHook] j.LocalContainerEntityManagerFactoryBean : Closing JPA EntityManagerFactory for persistence unit 'default'
2022-03-21 21:20:11.388  INFO 25213 --- [SpringApplicationShutdownHook] com.zaxxer.hikari.HikariDataSource       : HikariPool-1 - Shutdown initiated...
2022-03-21 21:20:11.404  INFO 25213 --- [SpringApplicationShutdownHook] com.zaxxer.hikari.HikariDataSource       : HikariPool-1 - Shutdown completed.
2022-03-21 21:20:11.405  INFO 25213 --- [SpringApplicationShutdownHook] com.netflix.discovery.DiscoveryClient    : Shutting down DiscoveryClient ...
2022-03-21 21:20:14.411  INFO 25213 --- [SpringApplicationShutdownHook] com.netflix.discovery.DiscoveryClient    : Unregistering ...
2022-03-21 21:20:14.417  INFO 25213 --- [SpringApplicationShutdownHook] com.netflix.discovery.DiscoveryClient    : DiscoveryClient_UDAPTEADVERTSTATUS-SERVICE/192.168.1.25:udapteAdvertStatus-service:5862 - deregister  status: 200
2022-03-21 21:20:14.438  INFO 25213 --- [SpringApplicationShutdownHook] com.netflix.discovery.DiscoveryClient    : Completed shut down of DiscoveryClient
2022-03-21 21:21:16.619  INFO 25471 --- [main] c.e.u.service.AdvertServiceImplTest      : Starting AdvertServiceImplTest using Java 11.0.11 on Enes-MacBook-Pro.local with PID 25471 (started by enes in /Users/enes/Desktop/hepsiemlak_project/updateAdvertStatus-service)
2022-03-21 21:21:16.621  INFO 25471 --- [main] c.e.u.service.AdvertServiceImplTest      : No active profile set, falling back to 1 default profile: "default"
2022-03-21 21:21:17.164  INFO 25471 --- [main] o.s.b.context.config.ConfigDataLoader    : Fetching config from server at : http://localhost:5859
2022-03-21 21:21:17.164  INFO 25471 --- [main] o.s.b.context.config.ConfigDataLoader    : Located environment: name=updateAdvertStatus-service, profiles=[default], label=null, version=null, state=null
2022-03-21 21:21:18.883  INFO 25471 --- [main] .s.d.r.c.RepositoryConfigurationDelegate : Bootstrapping Spring Data JPA repositories in DEFAULT mode.
2022-03-21 21:21:19.236  INFO 25471 --- [main] .s.d.r.c.RepositoryConfigurationDelegate : Finished Spring Data repository scanning in 341 ms. Found 1 JPA repository interfaces.
2022-03-21 21:21:19.669  INFO 25471 --- [main] o.s.cloud.context.scope.GenericScope     : BeanFactory id=e57b3aba-96e1-3bbb-ac7f-6fd74f6316d0
2022-03-21 21:21:20.373  INFO 25471 --- [main] com.zaxxer.hikari.HikariDataSource       : HikariPool-1 - Starting...
2022-03-21 21:21:20.921  INFO 25471 --- [main] com.zaxxer.hikari.HikariDataSource       : HikariPool-1 - Start completed.
2022-03-21 21:21:21.024  INFO 25471 --- [main] o.hibernate.jpa.internal.util.LogHelper  : HHH000204: Processing PersistenceUnitInfo [name: default]
2022-03-21 21:21:21.240  INFO 25471 --- [main] org.hibernate.Version                    : HHH000412: Hibernate ORM core version 5.6.5.Final
2022-03-21 21:21:21.581  INFO 25471 --- [main] o.hibernate.annotations.common.Version   : HCANN000001: Hibernate Commons Annotations {5.1.2.Final}
2022-03-21 21:21:21.846  INFO 25471 --- [main] org.hibernate.dialect.Dialect            : HHH000400: Using dialect: org.hibernate.dialect.MySQL8Dialect
2022-03-21 21:21:22.733  INFO 25471 --- [main] o.h.e.t.j.p.i.JtaPlatformInitiator       : HHH000490: Using JtaPlatform implementation: [org.hibernate.engine.transaction.jta.platform.internal.NoJtaPlatform]
2022-03-21 21:21:22.744  INFO 25471 --- [main] j.LocalContainerEntityManagerFactoryBean : Initialized JPA EntityManagerFactory for persistence unit 'default'
2022-03-21 21:21:23.634  WARN 25471 --- [main] JpaBaseConfiguration$JpaWebConfiguration : spring.jpa.open-in-view is enabled by default. Therefore, database queries may be performed during view rendering. Explicitly configure spring.jpa.open-in-view to disable this warning
2022-03-21 21:21:25.945  INFO 25471 --- [main] DiscoveryClientOptionalArgsConfiguration : Eureka HTTP Client uses Jersey
2022-03-21 21:21:26.222  WARN 25471 --- [main] iguration$LoadBalancerCaffeineWarnLogger : Spring Cloud LoadBalancer is currently working with the default cache. While this cache implementation is useful for development and tests, it's recommended to use Caffeine cache in production.You can switch to using Caffeine cache, by adding it and org.springframework.cache.caffeine.CaffeineCacheManager to the classpath.
2022-03-21 21:21:26.252  INFO 25471 --- [main] o.s.b.a.e.web.EndpointLinksResolver      : Exposing 1 endpoint(s) beneath base path '/actuator'
2022-03-21 21:21:26.353  INFO 25471 --- [main] o.s.c.n.eureka.InstanceInfoFactory       : Setting initial instance status as: STARTING
2022-03-21 21:21:26.503  INFO 25471 --- [main] com.netflix.discovery.DiscoveryClient    : Initializing Eureka in region us-east-1
2022-03-21 21:21:26.603  INFO 25471 --- [main] c.n.d.provider.DiscoveryJerseyProvider   : Using JSON encoding codec LegacyJacksonJson
2022-03-21 21:21:26.603  INFO 25471 --- [main] c.n.d.provider.DiscoveryJerseyProvider   : Using JSON decoding codec LegacyJacksonJson
2022-03-21 21:21:26.914  INFO 25471 --- [main] c.n.d.provider.DiscoveryJerseyProvider   : Using XML encoding codec XStreamXml
2022-03-21 21:21:26.915  INFO 25471 --- [main] c.n.d.provider.DiscoveryJerseyProvider   : Using XML decoding codec XStreamXml
2022-03-21 21:21:27.196  INFO 25471 --- [main] c.n.d.s.r.aws.ConfigClusterResolver      : Resolving eureka endpoints via configuration
2022-03-21 21:21:27.238  INFO 25471 --- [main] com.netflix.discovery.DiscoveryClient    : Disable delta property : false
2022-03-21 21:21:27.239  INFO 25471 --- [main] com.netflix.discovery.DiscoveryClient    : Single vip registry refresh property : null
2022-03-21 21:21:27.239  INFO 25471 --- [main] com.netflix.discovery.DiscoveryClient    : Force full registry fetch : false
2022-03-21 21:21:27.239  INFO 25471 --- [main] com.netflix.discovery.DiscoveryClient    : Application is null : false
2022-03-21 21:21:27.239  INFO 25471 --- [main] com.netflix.discovery.DiscoveryClient    : Registered Applications size is zero : true
2022-03-21 21:21:27.239  INFO 25471 --- [main] com.netflix.discovery.DiscoveryClient    : Application version is -1: true
2022-03-21 21:21:27.240  INFO 25471 --- [main] com.netflix.discovery.DiscoveryClient    : Getting all instance registry info from the eureka server
2022-03-21 21:21:27.471  INFO 25471 --- [main] com.netflix.discovery.DiscoveryClient    : The response status is 200
2022-03-21 21:21:27.496  INFO 25471 --- [main] com.netflix.discovery.DiscoveryClient    : Starting heartbeat executor: renew interval is: 30
2022-03-21 21:21:27.510  INFO 25471 --- [main] c.n.discovery.InstanceInfoReplicator     : InstanceInfoReplicator onDemand update allowed rate per min is 4
2022-03-21 21:21:27.520  INFO 25471 --- [main] com.netflix.discovery.DiscoveryClient    : Discovery Client initialized at timestamp 1647886887518 with initial instances count: 6
2022-03-21 21:21:27.526  INFO 25471 --- [main] o.s.c.n.e.s.EurekaServiceRegistry        : Registering application UDAPTEADVERTSTATUS-SERVICE with eureka with status UP
2022-03-21 21:21:27.527  INFO 25471 --- [main] com.netflix.discovery.DiscoveryClient    : Saw local status change event StatusChangeEvent [timestamp=1647886887527, current=UP, previous=STARTING]
2022-03-21 21:21:27.530  INFO 25471 --- [DiscoveryClient-InstanceInfoReplicator-0] com.netflix.discovery.DiscoveryClient    : DiscoveryClient_UDAPTEADVERTSTATUS-SERVICE/192.168.1.25:udapteAdvertStatus-service:5862: registering service...
2022-03-21 21:21:27.534  INFO 25471 --- [main] o.s.a.r.c.CachingConnectionFactory       : Attempting to connect to: [localhost:5672]
2022-03-21 21:21:27.590  INFO 25471 --- [DiscoveryClient-InstanceInfoReplicator-0] com.netflix.discovery.DiscoveryClient    : DiscoveryClient_UDAPTEADVERTSTATUS-SERVICE/192.168.1.25:udapteAdvertStatus-service:5862 - registration status: 204
2022-03-21 21:21:27.627  INFO 25471 --- [main] o.s.a.r.c.CachingConnectionFactory       : Created new connection: rabbitConnectionFactory#26c349fc:0/SimpleConnection@65cfd565 [delegate=amqp://guest@127.0.0.1:5672/, localPort= 64277]
2022-03-21 21:21:27.772  INFO 25471 --- [main] c.e.u.service.AdvertServiceImplTest      : Started AdvertServiceImplTest in 12.853 seconds (JVM running for 16.049)
2022-03-21 21:21:28.235  INFO 25471 --- [main] c.e.u.service.AdvertService              : The status no: 12345 advert has been updated.
2022-03-21 21:21:28.329  INFO 25471 --- [SpringApplicationShutdownHook] o.s.c.n.e.s.EurekaServiceRegistry        : Unregistering application UDAPTEADVERTSTATUS-SERVICE with eureka with status DOWN
2022-03-21 21:21:28.330  INFO 25471 --- [SpringApplicationShutdownHook] com.netflix.discovery.DiscoveryClient    : Saw local status change event StatusChangeEvent [timestamp=1647886888330, current=DOWN, previous=UP]
2022-03-21 21:21:28.332  INFO 25471 --- [DiscoveryClient-InstanceInfoReplicator-0] com.netflix.discovery.DiscoveryClient    : DiscoveryClient_UDAPTEADVERTSTATUS-SERVICE/192.168.1.25:udapteAdvertStatus-service:5862: registering service...
2022-03-21 21:21:28.346  INFO 25471 --- [DiscoveryClient-InstanceInfoReplicator-0] com.netflix.discovery.DiscoveryClient    : DiscoveryClient_UDAPTEADVERTSTATUS-SERVICE/192.168.1.25:udapteAdvertStatus-service:5862 - registration status: 204
2022-03-21 21:21:28.348  INFO 25471 --- [SpringApplicationShutdownHook] o.s.a.r.l.SimpleMessageListenerContainer : Waiting for workers to finish.
2022-03-21 21:21:28.680  INFO 25471 --- [SpringApplicationShutdownHook] o.s.a.r.l.SimpleMessageListenerContainer : Successfully waited for workers to finish.
2022-03-21 21:21:28.696  INFO 25471 --- [SpringApplicationShutdownHook] j.LocalContainerEntityManagerFactoryBean : Closing JPA EntityManagerFactory for persistence unit 'default'
2022-03-21 21:21:28.699  INFO 25471 --- [SpringApplicationShutdownHook] com.zaxxer.hikari.HikariDataSource       : HikariPool-1 - Shutdown initiated...
2022-03-21 21:21:28.728  INFO 25471 --- [SpringApplicationShutdownHook] com.zaxxer.hikari.HikariDataSource       : HikariPool-1 - Shutdown completed.
2022-03-21 21:21:28.729  INFO 25471 --- [SpringApplicationShutdownHook] com.netflix.discovery.DiscoveryClient    : Shutting down DiscoveryClient ...
2022-03-21 21:21:31.742  INFO 25471 --- [SpringApplicationShutdownHook] com.netflix.discovery.DiscoveryClient    : Unregistering ...
2022-03-21 21:21:31.754  INFO 25471 --- [SpringApplicationShutdownHook] com.netflix.discovery.DiscoveryClient    : DiscoveryClient_UDAPTEADVERTSTATUS-SERVICE/192.168.1.25:udapteAdvertStatus-service:5862 - deregister  status: 200
2022-03-21 21:21:31.874  INFO 25471 --- [SpringApplicationShutdownHook] com.netflix.discovery.DiscoveryClient    : Completed shut down of DiscoveryClient
2022-03-21 21:21:51.339  INFO 25578 --- [main] c.e.u.service.AdvertServiceImplTest      : Starting AdvertServiceImplTest using Java 11.0.11 on Enes-MacBook-Pro.local with PID 25578 (started by enes in /Users/enes/Desktop/hepsiemlak_project/updateAdvertStatus-service)
2022-03-21 21:21:51.344  INFO 25578 --- [main] c.e.u.service.AdvertServiceImplTest      : No active profile set, falling back to 1 default profile: "default"
2022-03-21 21:21:51.887  INFO 25578 --- [main] o.s.b.context.config.ConfigDataLoader    : Fetching config from server at : http://localhost:5859
2022-03-21 21:21:51.887  INFO 25578 --- [main] o.s.b.context.config.ConfigDataLoader    : Located environment: name=updateAdvertStatus-service, profiles=[default], label=null, version=null, state=null
2022-03-21 21:21:53.605  INFO 25578 --- [main] .s.d.r.c.RepositoryConfigurationDelegate : Bootstrapping Spring Data JPA repositories in DEFAULT mode.
2022-03-21 21:21:53.920  INFO 25578 --- [main] .s.d.r.c.RepositoryConfigurationDelegate : Finished Spring Data repository scanning in 302 ms. Found 1 JPA repository interfaces.
2022-03-21 21:21:54.360  INFO 25578 --- [main] o.s.cloud.context.scope.GenericScope     : BeanFactory id=e57b3aba-96e1-3bbb-ac7f-6fd74f6316d0
2022-03-21 21:21:55.077  INFO 25578 --- [main] com.zaxxer.hikari.HikariDataSource       : HikariPool-1 - Starting...
2022-03-21 21:21:55.590  INFO 25578 --- [main] com.zaxxer.hikari.HikariDataSource       : HikariPool-1 - Start completed.
2022-03-21 21:21:55.671  INFO 25578 --- [main] o.hibernate.jpa.internal.util.LogHelper  : HHH000204: Processing PersistenceUnitInfo [name: default]
2022-03-21 21:21:55.795  INFO 25578 --- [main] org.hibernate.Version                    : HHH000412: Hibernate ORM core version 5.6.5.Final
2022-03-21 21:21:56.182  INFO 25578 --- [main] o.hibernate.annotations.common.Version   : HCANN000001: Hibernate Commons Annotations {5.1.2.Final}
2022-03-21 21:21:56.451  INFO 25578 --- [main] org.hibernate.dialect.Dialect            : HHH000400: Using dialect: org.hibernate.dialect.MySQL8Dialect
2022-03-21 21:21:57.344  INFO 25578 --- [main] o.h.e.t.j.p.i.JtaPlatformInitiator       : HHH000490: Using JtaPlatform implementation: [org.hibernate.engine.transaction.jta.platform.internal.NoJtaPlatform]
2022-03-21 21:21:57.355  INFO 25578 --- [main] j.LocalContainerEntityManagerFactoryBean : Initialized JPA EntityManagerFactory for persistence unit 'default'
2022-03-21 21:21:58.276  WARN 25578 --- [main] JpaBaseConfiguration$JpaWebConfiguration : spring.jpa.open-in-view is enabled by default. Therefore, database queries may be performed during view rendering. Explicitly configure spring.jpa.open-in-view to disable this warning
2022-03-21 21:22:00.538  INFO 25578 --- [main] DiscoveryClientOptionalArgsConfiguration : Eureka HTTP Client uses Jersey
2022-03-21 21:22:00.816  WARN 25578 --- [main] iguration$LoadBalancerCaffeineWarnLogger : Spring Cloud LoadBalancer is currently working with the default cache. While this cache implementation is useful for development and tests, it's recommended to use Caffeine cache in production.You can switch to using Caffeine cache, by adding it and org.springframework.cache.caffeine.CaffeineCacheManager to the classpath.
2022-03-21 21:22:00.833  INFO 25578 --- [main] o.s.b.a.e.web.EndpointLinksResolver      : Exposing 1 endpoint(s) beneath base path '/actuator'
2022-03-21 21:22:00.942  INFO 25578 --- [main] o.s.c.n.eureka.InstanceInfoFactory       : Setting initial instance status as: STARTING
2022-03-21 21:22:01.092  INFO 25578 --- [main] com.netflix.discovery.DiscoveryClient    : Initializing Eureka in region us-east-1
2022-03-21 21:22:01.193  INFO 25578 --- [main] c.n.d.provider.DiscoveryJerseyProvider   : Using JSON encoding codec LegacyJacksonJson
2022-03-21 21:22:01.194  INFO 25578 --- [main] c.n.d.provider.DiscoveryJerseyProvider   : Using JSON decoding codec LegacyJacksonJson
2022-03-21 21:22:01.489  INFO 25578 --- [main] c.n.d.provider.DiscoveryJerseyProvider   : Using XML encoding codec XStreamXml
2022-03-21 21:22:01.490  INFO 25578 --- [main] c.n.d.provider.DiscoveryJerseyProvider   : Using XML decoding codec XStreamXml
2022-03-21 21:22:01.817  INFO 25578 --- [main] c.n.d.s.r.aws.ConfigClusterResolver      : Resolving eureka endpoints via configuration
2022-03-21 21:22:01.865  INFO 25578 --- [main] com.netflix.discovery.DiscoveryClient    : Disable delta property : false
2022-03-21 21:22:01.865  INFO 25578 --- [main] com.netflix.discovery.DiscoveryClient    : Single vip registry refresh property : null
2022-03-21 21:22:01.865  INFO 25578 --- [main] com.netflix.discovery.DiscoveryClient    : Force full registry fetch : false
2022-03-21 21:22:01.865  INFO 25578 --- [main] com.netflix.discovery.DiscoveryClient    : Application is null : false
2022-03-21 21:22:01.866  INFO 25578 --- [main] com.netflix.discovery.DiscoveryClient    : Registered Applications size is zero : true
2022-03-21 21:22:01.866  INFO 25578 --- [main] com.netflix.discovery.DiscoveryClient    : Application version is -1: true
2022-03-21 21:22:01.866  INFO 25578 --- [main] com.netflix.discovery.DiscoveryClient    : Getting all instance registry info from the eureka server
2022-03-21 21:22:02.123  INFO 25578 --- [main] com.netflix.discovery.DiscoveryClient    : The response status is 200
2022-03-21 21:22:02.145  INFO 25578 --- [main] com.netflix.discovery.DiscoveryClient    : Starting heartbeat executor: renew interval is: 30
2022-03-21 21:22:02.158  INFO 25578 --- [main] c.n.discovery.InstanceInfoReplicator     : InstanceInfoReplicator onDemand update allowed rate per min is 4
2022-03-21 21:22:02.163  INFO 25578 --- [main] com.netflix.discovery.DiscoveryClient    : Discovery Client initialized at timestamp 1647886922161 with initial instances count: 6
2022-03-21 21:22:02.169  INFO 25578 --- [main] o.s.c.n.e.s.EurekaServiceRegistry        : Registering application UDAPTEADVERTSTATUS-SERVICE with eureka with status UP
2022-03-21 21:22:02.170  INFO 25578 --- [main] com.netflix.discovery.DiscoveryClient    : Saw local status change event StatusChangeEvent [timestamp=1647886922170, current=UP, previous=STARTING]
2022-03-21 21:22:02.174  INFO 25578 --- [DiscoveryClient-InstanceInfoReplicator-0] com.netflix.discovery.DiscoveryClient    : DiscoveryClient_UDAPTEADVERTSTATUS-SERVICE/192.168.1.25:udapteAdvertStatus-service:5862: registering service...
2022-03-21 21:22:02.177  INFO 25578 --- [main] o.s.a.r.c.CachingConnectionFactory       : Attempting to connect to: [localhost:5672]
2022-03-21 21:22:02.240  INFO 25578 --- [DiscoveryClient-InstanceInfoReplicator-0] com.netflix.discovery.DiscoveryClient    : DiscoveryClient_UDAPTEADVERTSTATUS-SERVICE/192.168.1.25:udapteAdvertStatus-service:5862 - registration status: 204
2022-03-21 21:22:02.272  INFO 25578 --- [main] o.s.a.r.c.CachingConnectionFactory       : Created new connection: rabbitConnectionFactory#d9ff1cd:0/SimpleConnection@699d04a9 [delegate=amqp://guest@127.0.0.1:5672/, localPort= 64296]
2022-03-21 21:22:02.384  INFO 25578 --- [main] c.e.u.service.AdvertServiceImplTest      : Started AdvertServiceImplTest in 12.875 seconds (JVM running for 16.103)
2022-03-21 21:22:02.935  INFO 25578 --- [main] c.e.u.service.AdvertService              : The status no: 12345 advert has been updated.
2022-03-21 21:22:02.979  INFO 25578 --- [SpringApplicationShutdownHook] o.s.c.n.e.s.EurekaServiceRegistry        : Unregistering application UDAPTEADVERTSTATUS-SERVICE with eureka with status DOWN
2022-03-21 21:22:02.981  INFO 25578 --- [SpringApplicationShutdownHook] com.netflix.discovery.DiscoveryClient    : Saw local status change event StatusChangeEvent [timestamp=1647886922981, current=DOWN, previous=UP]
2022-03-21 21:22:02.982  INFO 25578 --- [DiscoveryClient-InstanceInfoReplicator-0] com.netflix.discovery.DiscoveryClient    : DiscoveryClient_UDAPTEADVERTSTATUS-SERVICE/192.168.1.25:udapteAdvertStatus-service:5862: registering service...
2022-03-21 21:22:02.990  INFO 25578 --- [DiscoveryClient-InstanceInfoReplicator-0] com.netflix.discovery.DiscoveryClient    : DiscoveryClient_UDAPTEADVERTSTATUS-SERVICE/192.168.1.25:udapteAdvertStatus-service:5862 - registration status: 204
2022-03-21 21:22:02.993  INFO 25578 --- [SpringApplicationShutdownHook] o.s.a.r.l.SimpleMessageListenerContainer : Waiting for workers to finish.
2022-03-21 21:22:03.326  INFO 25578 --- [SpringApplicationShutdownHook] o.s.a.r.l.SimpleMessageListenerContainer : Successfully waited for workers to finish.
2022-03-21 21:22:03.340  INFO 25578 --- [SpringApplicationShutdownHook] j.LocalContainerEntityManagerFactoryBean : Closing JPA EntityManagerFactory for persistence unit 'default'
2022-03-21 21:22:03.343  INFO 25578 --- [SpringApplicationShutdownHook] com.zaxxer.hikari.HikariDataSource       : HikariPool-1 - Shutdown initiated...
2022-03-21 21:22:03.359  INFO 25578 --- [SpringApplicationShutdownHook] com.zaxxer.hikari.HikariDataSource       : HikariPool-1 - Shutdown completed.
2022-03-21 21:22:03.359  INFO 25578 --- [SpringApplicationShutdownHook] com.netflix.discovery.DiscoveryClient    : Shutting down DiscoveryClient ...
2022-03-21 21:22:06.372  INFO 25578 --- [SpringApplicationShutdownHook] com.netflix.discovery.DiscoveryClient    : Unregistering ...
2022-03-21 21:22:06.381  INFO 25578 --- [SpringApplicationShutdownHook] com.netflix.discovery.DiscoveryClient    : DiscoveryClient_UDAPTEADVERTSTATUS-SERVICE/192.168.1.25:udapteAdvertStatus-service:5862 - deregister  status: 200
2022-03-21 21:22:06.400  INFO 25578 --- [SpringApplicationShutdownHook] com.netflix.discovery.DiscoveryClient    : Completed shut down of DiscoveryClient
2022-03-21 22:07:32.293  INFO 34243 --- [main] c.e.u.service.AdvertServiceImplTest      : Starting AdvertServiceImplTest using Java 11.0.11 on Enes-MacBook-Pro.local with PID 34243 (started by enes in /Users/enes/Desktop/hepsiemlak_project/updateAdvertStatus-service)
2022-03-21 22:07:32.305  INFO 34243 --- [main] c.e.u.service.AdvertServiceImplTest      : No active profile set, falling back to 1 default profile: "default"
2022-03-21 22:07:33.871  INFO 34243 --- [main] o.s.b.context.config.ConfigDataLoader    : Fetching config from server at : http://localhost:5859
2022-03-21 22:07:33.872  INFO 34243 --- [main] o.s.b.context.config.ConfigDataLoader    : Located environment: name=updateAdvertStatus-service, profiles=[default], label=null, version=null, state=null
2022-03-21 22:07:36.032  INFO 34243 --- [main] .s.d.r.c.RepositoryConfigurationDelegate : Bootstrapping Spring Data JPA repositories in DEFAULT mode.
2022-03-21 22:07:36.407  INFO 34243 --- [main] .s.d.r.c.RepositoryConfigurationDelegate : Finished Spring Data repository scanning in 350 ms. Found 1 JPA repository interfaces.
2022-03-21 22:07:36.882  INFO 34243 --- [main] o.s.cloud.context.scope.GenericScope     : BeanFactory id=e57b3aba-96e1-3bbb-ac7f-6fd74f6316d0
2022-03-21 22:07:37.542  INFO 34243 --- [main] com.zaxxer.hikari.HikariDataSource       : HikariPool-1 - Starting...
2022-03-21 22:07:38.041  INFO 34243 --- [main] com.zaxxer.hikari.HikariDataSource       : HikariPool-1 - Start completed.
2022-03-21 22:07:38.129  INFO 34243 --- [main] o.hibernate.jpa.internal.util.LogHelper  : HHH000204: Processing PersistenceUnitInfo [name: default]
2022-03-21 22:07:38.235  INFO 34243 --- [main] org.hibernate.Version                    : HHH000412: Hibernate ORM core version 5.6.5.Final
2022-03-21 22:07:38.585  INFO 34243 --- [main] o.hibernate.annotations.common.Version   : HCANN000001: Hibernate Commons Annotations {5.1.2.Final}
2022-03-21 22:07:38.889  INFO 34243 --- [main] org.hibernate.dialect.Dialect            : HHH000400: Using dialect: org.hibernate.dialect.MySQL8Dialect
2022-03-21 22:07:39.834  INFO 34243 --- [main] o.h.e.t.j.p.i.JtaPlatformInitiator       : HHH000490: Using JtaPlatform implementation: [org.hibernate.engine.transaction.jta.platform.internal.NoJtaPlatform]
2022-03-21 22:07:39.847  INFO 34243 --- [main] j.LocalContainerEntityManagerFactoryBean : Initialized JPA EntityManagerFactory for persistence unit 'default'
2022-03-21 22:07:40.809  WARN 34243 --- [main] JpaBaseConfiguration$JpaWebConfiguration : spring.jpa.open-in-view is enabled by default. Therefore, database queries may be performed during view rendering. Explicitly configure spring.jpa.open-in-view to disable this warning
2022-03-21 22:07:43.180  INFO 34243 --- [main] DiscoveryClientOptionalArgsConfiguration : Eureka HTTP Client uses Jersey
2022-03-21 22:07:43.446  WARN 34243 --- [main] iguration$LoadBalancerCaffeineWarnLogger : Spring Cloud LoadBalancer is currently working with the default cache. While this cache implementation is useful for development and tests, it's recommended to use Caffeine cache in production.You can switch to using Caffeine cache, by adding it and org.springframework.cache.caffeine.CaffeineCacheManager to the classpath.
2022-03-21 22:07:43.461  INFO 34243 --- [main] o.s.b.a.e.web.EndpointLinksResolver      : Exposing 1 endpoint(s) beneath base path '/actuator'
2022-03-21 22:07:43.593  INFO 34243 --- [main] o.s.c.n.eureka.InstanceInfoFactory       : Setting initial instance status as: STARTING
2022-03-21 22:07:43.731  INFO 34243 --- [main] com.netflix.discovery.DiscoveryClient    : Initializing Eureka in region us-east-1
2022-03-21 22:07:43.836  INFO 34243 --- [main] c.n.d.provider.DiscoveryJerseyProvider   : Using JSON encoding codec LegacyJacksonJson
2022-03-21 22:07:43.836  INFO 34243 --- [main] c.n.d.provider.DiscoveryJerseyProvider   : Using JSON decoding codec LegacyJacksonJson
2022-03-21 22:07:44.122  INFO 34243 --- [main] c.n.d.provider.DiscoveryJerseyProvider   : Using XML encoding codec XStreamXml
2022-03-21 22:07:44.123  INFO 34243 --- [main] c.n.d.provider.DiscoveryJerseyProvider   : Using XML decoding codec XStreamXml
2022-03-21 22:07:44.455  INFO 34243 --- [main] c.n.d.s.r.aws.ConfigClusterResolver      : Resolving eureka endpoints via configuration
2022-03-21 22:07:44.484  INFO 34243 --- [main] com.netflix.discovery.DiscoveryClient    : Disable delta property : false
2022-03-21 22:07:44.484  INFO 34243 --- [main] com.netflix.discovery.DiscoveryClient    : Single vip registry refresh property : null
2022-03-21 22:07:44.485  INFO 34243 --- [main] com.netflix.discovery.DiscoveryClient    : Force full registry fetch : false
2022-03-21 22:07:44.485  INFO 34243 --- [main] com.netflix.discovery.DiscoveryClient    : Application is null : false
2022-03-21 22:07:44.485  INFO 34243 --- [main] com.netflix.discovery.DiscoveryClient    : Registered Applications size is zero : true
2022-03-21 22:07:44.485  INFO 34243 --- [main] com.netflix.discovery.DiscoveryClient    : Application version is -1: true
2022-03-21 22:07:44.485  INFO 34243 --- [main] com.netflix.discovery.DiscoveryClient    : Getting all instance registry info from the eureka server
2022-03-21 22:07:44.805  INFO 34243 --- [main] com.netflix.discovery.DiscoveryClient    : The response status is 200
2022-03-21 22:07:44.814  INFO 34243 --- [main] com.netflix.discovery.DiscoveryClient    : Starting heartbeat executor: renew interval is: 30
2022-03-21 22:07:44.818  INFO 34243 --- [main] c.n.discovery.InstanceInfoReplicator     : InstanceInfoReplicator onDemand update allowed rate per min is 4
2022-03-21 22:07:44.829  INFO 34243 --- [main] com.netflix.discovery.DiscoveryClient    : Discovery Client initialized at timestamp 1647889664821 with initial instances count: 6
2022-03-21 22:07:44.838  INFO 34243 --- [main] o.s.c.n.e.s.EurekaServiceRegistry        : Registering application UDAPTEADVERTSTATUS-SERVICE with eureka with status UP
2022-03-21 22:07:44.839  INFO 34243 --- [main] com.netflix.discovery.DiscoveryClient    : Saw local status change event StatusChangeEvent [timestamp=1647889664839, current=UP, previous=STARTING]
2022-03-21 22:07:44.842  INFO 34243 --- [DiscoveryClient-InstanceInfoReplicator-0] com.netflix.discovery.DiscoveryClient    : DiscoveryClient_UDAPTEADVERTSTATUS-SERVICE/192.168.1.25:udapteAdvertStatus-service:5862: registering service...
2022-03-21 22:07:44.846  INFO 34243 --- [main] o.s.a.r.c.CachingConnectionFactory       : Attempting to connect to: [localhost:5672]
2022-03-21 22:07:44.912  INFO 34243 --- [DiscoveryClient-InstanceInfoReplicator-0] com.netflix.discovery.DiscoveryClient    : DiscoveryClient_UDAPTEADVERTSTATUS-SERVICE/192.168.1.25:udapteAdvertStatus-service:5862 - registration status: 204
2022-03-21 22:07:44.952  INFO 34243 --- [main] o.s.a.r.c.CachingConnectionFactory       : Created new connection: rabbitConnectionFactory#25af2afe:0/SimpleConnection@757b8c47 [delegate=amqp://guest@127.0.0.1:5672/, localPort= 64753]
2022-03-21 22:07:45.078  INFO 34243 --- [main] c.e.u.service.AdvertServiceImplTest      : Started AdvertServiceImplTest in 14.665 seconds (JVM running for 17.455)
2022-03-21 22:07:45.597  INFO 34243 --- [main] c.e.u.service.AdvertService              : The status no: 12345 advert has been updated.
2022-03-21 22:07:45.715  INFO 34243 --- [SpringApplicationShutdownHook] o.s.c.n.e.s.EurekaServiceRegistry        : Unregistering application UDAPTEADVERTSTATUS-SERVICE with eureka with status DOWN
2022-03-21 22:07:45.715  INFO 34243 --- [SpringApplicationShutdownHook] com.netflix.discovery.DiscoveryClient    : Saw local status change event StatusChangeEvent [timestamp=1647889665715, current=DOWN, previous=UP]
2022-03-21 22:07:45.716  INFO 34243 --- [DiscoveryClient-InstanceInfoReplicator-0] com.netflix.discovery.DiscoveryClient    : DiscoveryClient_UDAPTEADVERTSTATUS-SERVICE/192.168.1.25:udapteAdvertStatus-service:5862: registering service...
2022-03-21 22:07:45.722  INFO 34243 --- [DiscoveryClient-InstanceInfoReplicator-0] com.netflix.discovery.DiscoveryClient    : DiscoveryClient_UDAPTEADVERTSTATUS-SERVICE/192.168.1.25:udapteAdvertStatus-service:5862 - registration status: 204
2022-03-21 22:07:45.724  INFO 34243 --- [SpringApplicationShutdownHook] o.s.a.r.l.SimpleMessageListenerContainer : Waiting for workers to finish.
2022-03-21 22:07:46.018  INFO 34243 --- [SpringApplicationShutdownHook] o.s.a.r.l.SimpleMessageListenerContainer : Successfully waited for workers to finish.
2022-03-21 22:07:46.034  INFO 34243 --- [SpringApplicationShutdownHook] j.LocalContainerEntityManagerFactoryBean : Closing JPA EntityManagerFactory for persistence unit 'default'
2022-03-21 22:07:46.036  INFO 34243 --- [SpringApplicationShutdownHook] com.zaxxer.hikari.HikariDataSource       : HikariPool-1 - Shutdown initiated...
2022-03-21 22:07:46.068  INFO 34243 --- [SpringApplicationShutdownHook] com.zaxxer.hikari.HikariDataSource       : HikariPool-1 - Shutdown completed.
2022-03-21 22:07:46.069  INFO 34243 --- [SpringApplicationShutdownHook] com.netflix.discovery.DiscoveryClient    : Shutting down DiscoveryClient ...
2022-03-21 22:07:49.075  INFO 34243 --- [SpringApplicationShutdownHook] com.netflix.discovery.DiscoveryClient    : Unregistering ...
2022-03-21 22:07:49.080  INFO 34243 --- [SpringApplicationShutdownHook] com.netflix.discovery.DiscoveryClient    : DiscoveryClient_UDAPTEADVERTSTATUS-SERVICE/192.168.1.25:udapteAdvertStatus-service:5862 - deregister  status: 200
2022-03-21 22:07:49.100  INFO 34243 --- [SpringApplicationShutdownHook] com.netflix.discovery.DiscoveryClient    : Completed shut down of DiscoveryClient
