2022-03-22 00:11:56.837  WARN 99981 --- [HikariPool-4 housekeeper] com.zaxxer.hikari.pool.HikariPool        : HikariPool-4 - Thread starvation or clock leap detected (housekeeper delta=16m28s367ms).
2022-03-22 00:30:50.401  WARN 99981 --- [HikariPool-4 housekeeper] com.zaxxer.hikari.pool.HikariPool        : HikariPool-4 - Thread starvation or clock leap detected (housekeeper delta=17m53s535ms).
2022-03-22 00:46:09.431  WARN 99981 --- [HikariPool-4 housekeeper] com.zaxxer.hikari.pool.HikariPool        : HikariPool-4 - Thread starvation or clock leap detected (housekeeper delta=15m19s30ms).
2022-03-22 00:47:51.716  WARN 99981 --- [HikariPool-4 housekeeper] com.zaxxer.hikari.pool.HikariPool        : HikariPool-4 - Thread starvation or clock leap detected (housekeeper delta=1m42s285ms).
2022-03-22 00:47:52.930  INFO 99981 --- [AsyncResolver-bootstrap-executor-0] c.n.d.s.r.aws.ConfigClusterResolver      : Resolving eureka endpoints via configuration
2022-03-22 01:31:35.217  WARN 99981 --- [HikariPool-4 housekeeper] com.zaxxer.hikari.pool.HikariPool        : HikariPool-4 - Thread starvation or clock leap detected (housekeeper delta=43m43s143ms).
2022-03-22 01:37:51.004  WARN 99981 --- [HikariPool-4 housekeeper] com.zaxxer.hikari.pool.HikariPool        : HikariPool-4 - Thread starvation or clock leap detected (housekeeper delta=5m45s776ms).
2022-03-22 01:45:35.938  WARN 99981 --- [HikariPool-4 housekeeper] com.zaxxer.hikari.pool.HikariPool        : HikariPool-4 - Thread starvation or clock leap detected (housekeeper delta=7m44s933ms).
2022-03-22 01:56:19.773  WARN 99981 --- [HikariPool-4 housekeeper] com.zaxxer.hikari.pool.HikariPool        : HikariPool-4 - Thread starvation or clock leap detected (housekeeper delta=10m43s831ms).
2022-03-22 02:02:35.868  WARN 99981 --- [HikariPool-4 housekeeper] com.zaxxer.hikari.pool.HikariPool        : HikariPool-4 - Thread starvation or clock leap detected (housekeeper delta=5m45s747ms).
2022-03-22 02:33:04.504  WARN 99981 --- [HikariPool-4 housekeeper] com.zaxxer.hikari.pool.HikariPool        : HikariPool-4 - Thread starvation or clock leap detected (housekeeper delta=30m28s634ms).
2022-03-22 02:40:38.555  WARN 99981 --- [HikariPool-4 housekeeper] com.zaxxer.hikari.pool.HikariPool        : HikariPool-4 - Thread starvation or clock leap detected (housekeeper delta=7m34s25ms).
2022-03-22 02:41:03.864  INFO 99981 --- [AsyncResolver-bootstrap-executor-0] c.n.d.s.r.aws.ConfigClusterResolver      : Resolving eureka endpoints via configuration
2022-03-22 02:48:42.853  WARN 99981 --- [HikariPool-4 housekeeper] com.zaxxer.hikari.pool.HikariPool        : HikariPool-4 - Thread starvation or clock leap detected (housekeeper delta=7m34s158ms).
2022-03-22 02:52:30.474  WARN 99981 --- [HikariPool-4 housekeeper] com.zaxxer.hikari.pool.HikariPool        : HikariPool-4 - Thread starvation or clock leap detected (housekeeper delta=3m47s620ms).
2022-03-22 02:59:35.627  WARN 99981 --- [HikariPool-4 housekeeper] com.zaxxer.hikari.pool.HikariPool        : HikariPool-4 - Thread starvation or clock leap detected (housekeeper delta=7m5s148ms).
2022-03-22 03:09:58.621  WARN 99981 --- [HikariPool-4 housekeeper] com.zaxxer.hikari.pool.HikariPool        : HikariPool-4 - Thread starvation or clock leap detected (housekeeper delta=9m52s460ms).
2022-03-22 03:13:45.564  WARN 99981 --- [HikariPool-4 housekeeper] com.zaxxer.hikari.pool.HikariPool        : HikariPool-4 - Thread starvation or clock leap detected (housekeeper delta=3m46s943ms).
2022-03-22 04:50:59.278  WARN 99981 --- [HikariPool-4 housekeeper] com.zaxxer.hikari.pool.HikariPool        : HikariPool-4 - Thread starvation or clock leap detected (housekeeper delta=1h37m13s711ms).
2022-03-22 04:56:14.555  WARN 99981 --- [HikariPool-4 housekeeper] com.zaxxer.hikari.pool.HikariPool        : HikariPool-4 - Thread starvation or clock leap detected (housekeeper delta=4m44s931ms).
2022-03-22 04:58:54.771  INFO 99981 --- [AsyncResolver-bootstrap-executor-0] c.n.d.s.r.aws.ConfigClusterResolver      : Resolving eureka endpoints via configuration
2022-03-22 04:59:01.079  WARN 99981 --- [HikariPool-4 housekeeper] com.zaxxer.hikari.pool.HikariPool        : HikariPool-4 - Thread starvation or clock leap detected (housekeeper delta=2m46s496ms).
2022-03-22 05:11:48.387  WARN 99981 --- [HikariPool-4 housekeeper] com.zaxxer.hikari.pool.HikariPool        : HikariPool-4 - Thread starvation or clock leap detected (housekeeper delta=12m17s295ms).
2022-03-22 05:18:22.707  WARN 99981 --- [HikariPool-4 housekeeper] com.zaxxer.hikari.pool.HikariPool        : HikariPool-4 - Thread starvation or clock leap detected (housekeeper delta=6m34s319ms).
2022-03-22 05:23:56.159  WARN 99981 --- [HikariPool-4 housekeeper] com.zaxxer.hikari.pool.HikariPool        : HikariPool-4 - Thread starvation or clock leap detected (housekeeper delta=5m33s454ms).
2022-03-22 05:23:56.560  INFO 99981 --- [DiscoveryClient-HeartbeatExecutor-0] com.netflix.discovery.DiscoveryClient    : DiscoveryClient_COMMON-SERVICE/192.168.1.25:common-service:5861 - Re-registering apps/COMMON-SERVICE
2022-03-22 05:23:56.573  INFO 99981 --- [DiscoveryClient-HeartbeatExecutor-0] com.netflix.discovery.DiscoveryClient    : DiscoveryClient_COMMON-SERVICE/192.168.1.25:common-service:5861: registering service...
2022-03-22 05:23:56.853  INFO 99981 --- [DiscoveryClient-HeartbeatExecutor-0] com.netflix.discovery.DiscoveryClient    : DiscoveryClient_COMMON-SERVICE/192.168.1.25:common-service:5861 - registration status: 204
2022-03-22 05:38:06.593  WARN 99981 --- [HikariPool-4 housekeeper] com.zaxxer.hikari.pool.HikariPool        : HikariPool-4 - Thread starvation or clock leap detected (housekeeper delta=14m10s429ms).
2022-03-22 05:43:40.865  WARN 99981 --- [HikariPool-4 housekeeper] com.zaxxer.hikari.pool.HikariPool        : HikariPool-4 - Thread starvation or clock leap detected (housekeeper delta=5m3s758ms).
2022-03-22 06:02:41.751  WARN 99981 --- [HikariPool-4 housekeeper] com.zaxxer.hikari.pool.HikariPool        : HikariPool-4 - Thread starvation or clock leap detected (housekeeper delta=19m886ms).
2022-03-22 06:15:36.705  WARN 99981 --- [HikariPool-4 housekeeper] com.zaxxer.hikari.pool.HikariPool        : HikariPool-4 - Thread starvation or clock leap detected (housekeeper delta=12m54s879ms).
2022-03-22 06:15:57.453  INFO 99981 --- [AsyncResolver-bootstrap-executor-0] c.n.d.s.r.aws.ConfigClusterResolver      : Resolving eureka endpoints via configuration
2022-03-22 06:19:52.642  WARN 99981 --- [HikariPool-4 housekeeper] com.zaxxer.hikari.pool.HikariPool        : HikariPool-4 - Thread starvation or clock leap detected (housekeeper delta=3m45s443ms).
2022-03-22 06:34:03.297  WARN 99981 --- [HikariPool-4 housekeeper] com.zaxxer.hikari.pool.HikariPool        : HikariPool-4 - Thread starvation or clock leap detected (housekeeper delta=14m10s654ms).
2022-03-22 06:34:03.396  INFO 99981 --- [DiscoveryClient-HeartbeatExecutor-0] com.netflix.discovery.DiscoveryClient    : DiscoveryClient_COMMON-SERVICE/192.168.1.25:common-service:5861 - Re-registering apps/COMMON-SERVICE
2022-03-22 06:34:03.397  INFO 99981 --- [DiscoveryClient-HeartbeatExecutor-0] com.netflix.discovery.DiscoveryClient    : DiscoveryClient_COMMON-SERVICE/192.168.1.25:common-service:5861: registering service...
2022-03-22 06:34:03.440  INFO 99981 --- [DiscoveryClient-HeartbeatExecutor-0] com.netflix.discovery.DiscoveryClient    : DiscoveryClient_COMMON-SERVICE/192.168.1.25:common-service:5861 - registration status: 204
2022-03-22 06:38:54.478  WARN 99981 --- [HikariPool-4 housekeeper] com.zaxxer.hikari.pool.HikariPool        : HikariPool-4 - Thread starvation or clock leap detected (housekeeper delta=4m51s179ms).
2022-03-22 06:48:58.892  WARN 99981 --- [HikariPool-4 housekeeper] com.zaxxer.hikari.pool.HikariPool        : HikariPool-4 - Thread starvation or clock leap detected (housekeeper delta=9m34s37ms).
2022-03-22 07:18:08.849  WARN 99981 --- [HikariPool-4 housekeeper] com.zaxxer.hikari.pool.HikariPool        : HikariPool-4 - Thread starvation or clock leap detected (housekeeper delta=29m9s957ms).
2022-03-22 08:33:34.643  WARN 99981 --- [HikariPool-4 housekeeper] com.zaxxer.hikari.pool.HikariPool        : HikariPool-4 - Thread starvation or clock leap detected (housekeeper delta=1h15m25s793ms).
2022-03-22 18:23:33.758  INFO 99981 --- [AsyncResolver-bootstrap-executor-0] c.n.d.s.r.aws.ConfigClusterResolver      : Resolving eureka endpoints via configuration
2022-03-22 18:23:41.716  WARN 99981 --- [HikariPool-4 housekeeper] com.zaxxer.hikari.pool.HikariPool        : HikariPool-4 - Thread starvation or clock leap detected (housekeeper delta=9h49m7s41ms).
2022-03-22 18:29:13.434  WARN 99981 --- [HikariPool-4 housekeeper] com.zaxxer.hikari.pool.HikariPool        : HikariPool-4 - Thread starvation or clock leap detected (housekeeper delta=5m31s718ms).
2022-03-22 18:33:35.490  INFO 99981 --- [AsyncResolver-bootstrap-executor-0] c.n.d.s.r.aws.ConfigClusterResolver      : Resolving eureka endpoints via configuration
2022-03-22 18:38:35.503  INFO 99981 --- [AsyncResolver-bootstrap-executor-0] c.n.d.s.r.aws.ConfigClusterResolver      : Resolving eureka endpoints via configuration
2022-03-22 18:43:35.516  INFO 99981 --- [AsyncResolver-bootstrap-executor-0] c.n.d.s.r.aws.ConfigClusterResolver      : Resolving eureka endpoints via configuration
2022-03-22 18:48:35.487  INFO 99981 --- [AsyncResolver-bootstrap-executor-0] c.n.d.s.r.aws.ConfigClusterResolver      : Resolving eureka endpoints via configuration
2022-03-22 18:53:35.504  INFO 99981 --- [AsyncResolver-bootstrap-executor-0] c.n.d.s.r.aws.ConfigClusterResolver      : Resolving eureka endpoints via configuration
2022-03-22 18:58:35.494  INFO 99981 --- [AsyncResolver-bootstrap-executor-0] c.n.d.s.r.aws.ConfigClusterResolver      : Resolving eureka endpoints via configuration
2022-03-22 19:03:35.493  INFO 99981 --- [AsyncResolver-bootstrap-executor-0] c.n.d.s.r.aws.ConfigClusterResolver      : Resolving eureka endpoints via configuration
2022-03-22 19:08:35.498  INFO 99981 --- [AsyncResolver-bootstrap-executor-0] c.n.d.s.r.aws.ConfigClusterResolver      : Resolving eureka endpoints via configuration
2022-03-22 19:13:35.502  INFO 99981 --- [AsyncResolver-bootstrap-executor-0] c.n.d.s.r.aws.ConfigClusterResolver      : Resolving eureka endpoints via configuration
2022-03-22 19:18:35.510  INFO 99981 --- [AsyncResolver-bootstrap-executor-0] c.n.d.s.r.aws.ConfigClusterResolver      : Resolving eureka endpoints via configuration
2022-03-22 19:23:35.519  INFO 99981 --- [AsyncResolver-bootstrap-executor-0] c.n.d.s.r.aws.ConfigClusterResolver      : Resolving eureka endpoints via configuration
2022-03-22 19:28:35.530  INFO 99981 --- [AsyncResolver-bootstrap-executor-0] c.n.d.s.r.aws.ConfigClusterResolver      : Resolving eureka endpoints via configuration
2022-03-22 19:33:35.543  INFO 99981 --- [AsyncResolver-bootstrap-executor-0] c.n.d.s.r.aws.ConfigClusterResolver      : Resolving eureka endpoints via configuration
2022-03-22 19:38:35.559  INFO 99981 --- [AsyncResolver-bootstrap-executor-0] c.n.d.s.r.aws.ConfigClusterResolver      : Resolving eureka endpoints via configuration
2022-03-22 19:47:59.415  WARN 99981 --- [HikariPool-4 housekeeper] com.zaxxer.hikari.pool.HikariPool        : HikariPool-4 - Thread starvation or clock leap detected (housekeeper delta=9m45s603ms).
2022-03-22 19:52:24.302  WARN 99981 --- [HikariPool-4 housekeeper] com.zaxxer.hikari.pool.HikariPool        : HikariPool-4 - Thread starvation or clock leap detected (housekeeper delta=3m54s868ms).
2022-03-22 19:52:25.343  INFO 99981 --- [DiscoveryClient-HeartbeatExecutor-0] com.netflix.discovery.DiscoveryClient    : DiscoveryClient_COMMON-SERVICE/192.168.1.25:common-service:5861 - Re-registering apps/COMMON-SERVICE
2022-03-22 19:52:25.343  INFO 99981 --- [DiscoveryClient-HeartbeatExecutor-0] com.netflix.discovery.DiscoveryClient    : DiscoveryClient_COMMON-SERVICE/192.168.1.25:common-service:5861: registering service...
2022-03-22 19:52:25.358  INFO 99981 --- [DiscoveryClient-HeartbeatExecutor-0] com.netflix.discovery.DiscoveryClient    : DiscoveryClient_COMMON-SERVICE/192.168.1.25:common-service:5861 - registration status: 204
2022-03-22 19:56:16.055  INFO 99981 --- [AsyncResolver-bootstrap-executor-0] c.n.d.s.r.aws.ConfigClusterResolver      : Resolving eureka endpoints via configuration
2022-03-22 20:01:15.953  INFO 99981 --- [AsyncResolver-bootstrap-executor-0] c.n.d.s.r.aws.ConfigClusterResolver      : Resolving eureka endpoints via configuration
2022-03-22 20:06:15.979  INFO 99981 --- [AsyncResolver-bootstrap-executor-0] c.n.d.s.r.aws.ConfigClusterResolver      : Resolving eureka endpoints via configuration
2022-03-22 20:11:15.995  INFO 99981 --- [AsyncResolver-bootstrap-executor-0] c.n.d.s.r.aws.ConfigClusterResolver      : Resolving eureka endpoints via configuration
2022-03-22 20:16:16.010  INFO 99981 --- [AsyncResolver-bootstrap-executor-0] c.n.d.s.r.aws.ConfigClusterResolver      : Resolving eureka endpoints via configuration
2022-03-22 20:21:16.026  INFO 99981 --- [AsyncResolver-bootstrap-executor-0] c.n.d.s.r.aws.ConfigClusterResolver      : Resolving eureka endpoints via configuration
2022-03-22 20:26:16.040  INFO 99981 --- [AsyncResolver-bootstrap-executor-0] c.n.d.s.r.aws.ConfigClusterResolver      : Resolving eureka endpoints via configuration
2022-03-22 20:31:16.051  INFO 99981 --- [AsyncResolver-bootstrap-executor-0] c.n.d.s.r.aws.ConfigClusterResolver      : Resolving eureka endpoints via configuration
2022-03-22 20:36:16.067  INFO 99981 --- [AsyncResolver-bootstrap-executor-0] c.n.d.s.r.aws.ConfigClusterResolver      : Resolving eureka endpoints via configuration
2022-03-22 20:41:16.084  INFO 99981 --- [AsyncResolver-bootstrap-executor-0] c.n.d.s.r.aws.ConfigClusterResolver      : Resolving eureka endpoints via configuration
2022-03-22 20:46:16.096  INFO 99981 --- [AsyncResolver-bootstrap-executor-0] c.n.d.s.r.aws.ConfigClusterResolver      : Resolving eureka endpoints via configuration
2022-03-22 20:51:16.111  INFO 99981 --- [AsyncResolver-bootstrap-executor-0] c.n.d.s.r.aws.ConfigClusterResolver      : Resolving eureka endpoints via configuration
2022-03-22 20:56:16.127  INFO 99981 --- [AsyncResolver-bootstrap-executor-0] c.n.d.s.r.aws.ConfigClusterResolver      : Resolving eureka endpoints via configuration
2022-03-22 21:01:16.144  INFO 99981 --- [AsyncResolver-bootstrap-executor-0] c.n.d.s.r.aws.ConfigClusterResolver      : Resolving eureka endpoints via configuration
2022-03-22 21:06:16.160  INFO 99981 --- [AsyncResolver-bootstrap-executor-0] c.n.d.s.r.aws.ConfigClusterResolver      : Resolving eureka endpoints via configuration
2022-03-22 21:11:16.175  INFO 99981 --- [AsyncResolver-bootstrap-executor-0] c.n.d.s.r.aws.ConfigClusterResolver      : Resolving eureka endpoints via configuration
2022-03-22 21:15:30.854  INFO 99981 --- [http-nio-5861-exec-1] o.a.c.c.C.[Tomcat].[localhost].[/]       : Initializing Spring DispatcherServlet 'dispatcherServlet'
2022-03-22 21:15:30.862  INFO 99981 --- [http-nio-5861-exec-1] o.s.web.servlet.DispatcherServlet        : Initializing Servlet 'dispatcherServlet'
2022-03-22 21:15:31.195  INFO 99981 --- [http-nio-5861-exec-1] o.s.web.servlet.DispatcherServlet        : Completed initialization in 332 ms
2022-03-22 21:15:31.650  INFO 99981 --- [http-nio-5861-exec-1] c.e.commonservice.services.UserService   : get all users from DB
2022-03-22 21:16:16.186  INFO 99981 --- [AsyncResolver-bootstrap-executor-0] c.n.d.s.r.aws.ConfigClusterResolver      : Resolving eureka endpoints via configuration
2022-03-22 21:18:24.717  INFO 99981 --- [http-nio-5861-exec-3] c.e.commonservice.services.UserService   : User(userType=INDIVIDUAL, name=Selen Deniz, email=selendeniz@gmail.com, password=null) adding to DB
2022-03-22 21:19:29.762  INFO 99981 --- [http-nio-5861-exec-5] c.e.commonservice.services.UserService   : Deleted user ->  id: 35
2022-03-22 21:20:46.258  WARN 99981 --- [http-nio-5861-exec-7] .m.m.a.ExceptionHandlerExceptionResolver : Resolved [org.springframework.http.converter.HttpMessageNotReadableException: JSON parse error: Cannot deserialize value of type `com.enesdeniz.commonservice.enums.UserType` from String "CORPARATE": not one of the values accepted for Enum class: [INDIVIDUAL, CORPORATE]; nested exception is com.fasterxml.jackson.databind.exc.InvalidFormatException: Cannot deserialize value of type `com.enesdeniz.commonservice.enums.UserType` from String "CORPARATE": not one of the values accepted for Enum class: [INDIVIDUAL, CORPORATE]<EOL> at [Source: (org.springframework.util.StreamUtils$NonClosingInputStream); line: 2, column: 21] (through reference chain: com.enesdeniz.commonservice.dto.request.UserRequest["userType"])]
2022-03-22 21:20:54.977  INFO 99981 --- [http-nio-5861-exec-8] c.e.commonservice.services.UserService   : Update user -> id: 1 and User(userType=CORPORATE, name=Muhammet Enes Deniz, email=enesdenizz@gmail.com, password=12345)
2022-03-22 21:21:16.202  INFO 99981 --- [AsyncResolver-bootstrap-executor-0] c.n.d.s.r.aws.ConfigClusterResolver      : Resolving eureka endpoints via configuration
2022-03-22 21:22:17.249  INFO 99981 --- [http-nio-5861-exec-10] c.e.c.services.ProductService            : Product Successfully Updated with this id:7
2022-03-22 21:24:17.411  INFO 99981 --- [http-nio-5861-exec-2] c.e.c.services.ProductService            : Get product from Db -> userId : 1
2022-03-22 21:25:27.816  INFO 99981 --- [http-nio-5861-exec-4] c.e.c.services.AdvertService             : get all adverts from DB
2022-03-22 21:26:13.333  INFO 99981 --- [http-nio-5861-exec-5] c.e.c.services.AdvertService             : Get one advert from Db -> no : 235777
2022-03-22 21:26:16.216  INFO 99981 --- [AsyncResolver-bootstrap-executor-0] c.n.d.s.r.aws.ConfigClusterResolver      : Resolving eureka endpoints via configuration
2022-03-22 21:26:30.328  INFO 99981 --- [http-nio-5861-exec-6] c.e.c.services.AdvertService             : Get one advert from Db -> no : 179418
2022-03-22 21:27:07.355 ERROR 99981 --- [http-nio-5861-exec-7] c.e.c.services.AdvertService             : No such advert found
2022-03-22 21:27:19.502 ERROR 99981 --- [http-nio-5861-exec-8] c.e.c.services.AdvertService             : No such advert found
2022-03-22 21:27:24.406 ERROR 99981 --- [http-nio-5861-exec-9] c.e.c.services.AdvertService             : No such advert found
2022-03-22 21:27:34.069  INFO 99981 --- [http-nio-5861-exec-10] c.e.c.services.AdvertService             : Deleted advert ->  no: 6
2022-03-22 21:28:22.961  INFO 99981 --- [http-nio-5861-exec-1] c.e.c.services.AdvertService             : get all adverts from DB
2022-03-22 21:29:01.549  INFO 99981 --- [http-nio-5861-exec-2] c.e.c.services.AdvertService             : get all adverts from DB
2022-03-22 21:29:28.306  INFO 99981 --- [http-nio-5861-exec-3] c.e.c.services.AdvertService             : get all adverts from DB
2022-03-22 21:29:47.868  INFO 99981 --- [http-nio-5861-exec-4] c.e.c.services.AdvertService             : get all adverts from DB
2022-03-22 21:30:26.948  INFO 99981 --- [http-nio-5861-exec-5] c.e.c.services.AdvertService             : get all adverts from DB
2022-03-22 21:30:45.489  INFO 99981 --- [http-nio-5861-exec-6] c.e.c.services.AdvertService             : get all adverts from DB
2022-03-22 21:31:01.240  INFO 99981 --- [http-nio-5861-exec-7] c.e.c.services.AdvertService             : get all adverts from DB
2022-03-22 21:31:16.231  INFO 99981 --- [AsyncResolver-bootstrap-executor-0] c.n.d.s.r.aws.ConfigClusterResolver      : Resolving eureka endpoints via configuration
2022-03-22 21:31:59.974 ERROR 99981 --- [http-nio-5861-exec-8] c.e.c.services.AdvertService             : No such advert found
2022-03-22 21:32:06.130  INFO 99981 --- [http-nio-5861-exec-9] c.e.c.services.AdvertService             : Advert(advertNo=9937, title=Advert 2, creatorUser=User(userType=CORPORATE, name=Muhammet Enes Deniz, email=enesdenizz@gmail.com, password=12345), price=2200, period=10, isForward=false, isExamine=false, createDate=2022-03-19 17:21:10.896, updateDate=Wed Mar 23 00:32:05 TRT 2022, advertStatus=PASSIVE) updating to DB
2022-03-22 21:32:39.448 ERROR 99981 --- [http-nio-5861-exec-10] c.e.c.services.AdvertService             : Advert number8cannot be withdrawn to review status.
2022-03-22 21:35:31.563  INFO 99981 --- [http-nio-5861-exec-2] c.e.c.services.AdvertService             : Advert(advertNo=12004, title=Sahibinden Kelepir Daire, creatorUser=User(userType=CORPORATE, name=Muhammet Enes Deniz, email=enesdenizz@gmail.com, password=12345), price=250, period=20, isForward=false, isExamine=false, createDate=Wed Mar 23 00:35:31 TRT 2022, updateDate=Wed Mar 23 00:35:31 TRT 2022, advertStatus=IN_REVIEW) adding to DB
2022-03-22 21:35:31.646  INFO 99981 --- [http-nio-5861-exec-2] c.e.c.services.ProductService            : Update product -> userId: 1and product: Product(user=User(userType=CORPORATE, name=Muhammet Enes Deniz, email=enesdenizz@gmail.com, password=12345), purchaseDate=2022-03-19 00:00:00.0, endDate=2022-07-17 09:00:00.0, remainingPiece=48)
2022-03-22 21:35:31.647  INFO 99981 --- [http-nio-5861-exec-2] c.e.c.services.AdvertService             : 1 user's product usage rights have decreased by one
2022-03-22 21:35:31.681  INFO 99981 --- [http-nio-5861-exec-2] o.s.a.r.c.CachingConnectionFactory       : Attempting to connect to: [localhost:5672]
2022-03-22 21:35:31.930  INFO 99981 --- [http-nio-5861-exec-2] o.s.a.r.c.CachingConnectionFactory       : Created new connection: rabbitConnectionFactory#1d6dd1f7:0/SimpleConnection@14025c6f [delegate=amqp://guest@127.0.0.1:5672/, localPort= 53330]
2022-03-22 21:35:31.986  INFO 99981 --- [http-nio-5861-exec-2] o.s.amqp.rabbit.core.RabbitAdmin         : Auto-declaring a non-durable, auto-delete, or exclusive Queue (hepsiemlak.queue) durable:false, auto-delete:false, exclusive:false. It will be redeclared if the broker stops and is restarted while the connection factory is alive, but all messages will be lost.
2022-03-22 21:35:32.088  INFO 99981 --- [http-nio-5861-exec-2] c.e.c.services.AdvertService             : Advert(advertNo=12004, title=Sahibinden Kelepir Daire, creatorUser=User(userType=CORPORATE, name=Muhammet Enes Deniz, email=enesdenizz@gmail.com, password=12345), price=250, period=20, isForward=false, isExamine=false, createDate=Wed Mar 23 00:35:31 TRT 2022, updateDate=Wed Mar 23 00:35:31 TRT 2022, advertStatus=IN_REVIEW) status activated
2022-03-22 21:36:16.241  INFO 99981 --- [AsyncResolver-bootstrap-executor-0] c.n.d.s.r.aws.ConfigClusterResolver      : Resolving eureka endpoints via configuration
2022-03-22 21:38:47.548  INFO 99981 --- [http-nio-5861-exec-4] c.e.c.services.AdvertService             : Advert(advertNo=69518, title=Sahibinden Kelepir Daire, creatorUser=User(userType=CORPORATE, name=Muhammet Enes Deniz, email=enesdenizz@gmail.com, password=12345), price=250, period=20, isForward=false, isExamine=false, createDate=Wed Mar 23 00:38:47 TRT 2022, updateDate=Wed Mar 23 00:38:47 TRT 2022, advertStatus=IN_REVIEW) adding to DB
2022-03-22 21:38:47.593  INFO 99981 --- [http-nio-5861-exec-4] c.e.c.services.ProductService            : Update product -> userId: 1and product: Product(user=User(userType=CORPORATE, name=Muhammet Enes Deniz, email=enesdenizz@gmail.com, password=12345), purchaseDate=2022-03-19 00:00:00.0, endDate=2022-07-17 09:00:00.0, remainingPiece=47)
2022-03-22 21:38:47.594  INFO 99981 --- [http-nio-5861-exec-4] c.e.c.services.AdvertService             : 1 user's product usage rights have decreased by one
2022-03-22 21:38:47.595  INFO 99981 --- [http-nio-5861-exec-4] c.e.c.services.AdvertService             : Advert(advertNo=69518, title=Sahibinden Kelepir Daire, creatorUser=User(userType=CORPORATE, name=Muhammet Enes Deniz, email=enesdenizz@gmail.com, password=12345), price=250, period=20, isForward=false, isExamine=false, createDate=Wed Mar 23 00:38:47 TRT 2022, updateDate=Wed Mar 23 00:38:47 TRT 2022, advertStatus=IN_REVIEW) status activated
2022-03-22 21:39:28.421  INFO 99981 --- [http-nio-5861-exec-5] c.e.c.services.AdvertService             : Advert(advertNo=36084, title=Sahibinden Kelepir Daire, creatorUser=User(userType=CORPORATE, name=Muhammet Enes Deniz, email=enesdenizz@gmail.com, password=12345), price=250, period=20, isForward=false, isExamine=false, createDate=Wed Mar 23 00:39:28 TRT 2022, updateDate=Wed Mar 23 00:39:28 TRT 2022, advertStatus=IN_REVIEW) adding to DB
2022-03-22 21:39:28.779  INFO 99981 --- [http-nio-5861-exec-5] c.e.c.services.ProductService            : Update product -> userId: 1and product: Product(user=User(userType=CORPORATE, name=Muhammet Enes Deniz, email=enesdenizz@gmail.com, password=12345), purchaseDate=2022-03-19 00:00:00.0, endDate=2022-07-17 09:00:00.0, remainingPiece=46)
2022-03-22 21:39:28.779  INFO 99981 --- [http-nio-5861-exec-5] c.e.c.services.AdvertService             : 1 user's product usage rights have decreased by one
2022-03-22 21:39:28.780  INFO 99981 --- [http-nio-5861-exec-5] c.e.c.services.AdvertService             : Advert(advertNo=36084, title=Sahibinden Kelepir Daire, creatorUser=User(userType=CORPORATE, name=Muhammet Enes Deniz, email=enesdenizz@gmail.com, password=12345), price=250, period=20, isForward=false, isExamine=false, createDate=Wed Mar 23 00:39:28 TRT 2022, updateDate=Wed Mar 23 00:39:28 TRT 2022, advertStatus=IN_REVIEW) status activated
2022-03-22 21:39:43.533  INFO 99981 --- [http-nio-5861-exec-6] c.e.c.services.AdvertService             : Advert(advertNo=32147, title=Sahibinden Kelepir Daire, creatorUser=User(userType=CORPORATE, name=Muhammet Enes Deniz, email=enesdenizz@gmail.com, password=12345), price=250, period=20, isForward=false, isExamine=false, createDate=Wed Mar 23 00:39:43 TRT 2022, updateDate=Wed Mar 23 00:39:43 TRT 2022, advertStatus=IN_REVIEW) adding to DB
2022-03-22 21:39:43.631  INFO 99981 --- [http-nio-5861-exec-6] c.e.c.services.ProductService            : Update product -> userId: 1and product: Product(user=User(userType=CORPORATE, name=Muhammet Enes Deniz, email=enesdenizz@gmail.com, password=12345), purchaseDate=2022-03-19 00:00:00.0, endDate=2022-07-17 09:00:00.0, remainingPiece=45)
2022-03-22 21:39:43.631  INFO 99981 --- [http-nio-5861-exec-6] c.e.c.services.AdvertService             : 1 user's product usage rights have decreased by one
2022-03-22 21:39:43.636  INFO 99981 --- [http-nio-5861-exec-6] c.e.c.services.AdvertService             : Advert(advertNo=32147, title=Sahibinden Kelepir Daire, creatorUser=User(userType=CORPORATE, name=Muhammet Enes Deniz, email=enesdenizz@gmail.com, password=12345), price=250, period=20, isForward=false, isExamine=false, createDate=Wed Mar 23 00:39:43 TRT 2022, updateDate=Wed Mar 23 00:39:43 TRT 2022, advertStatus=IN_REVIEW) status activated
2022-03-22 21:41:16.257  INFO 99981 --- [AsyncResolver-bootstrap-executor-0] c.n.d.s.r.aws.ConfigClusterResolver      : Resolving eureka endpoints via configuration
2022-03-22 21:46:16.273  INFO 99981 --- [AsyncResolver-bootstrap-executor-0] c.n.d.s.r.aws.ConfigClusterResolver      : Resolving eureka endpoints via configuration
2022-03-22 21:51:16.289  INFO 99981 --- [AsyncResolver-bootstrap-executor-0] c.n.d.s.r.aws.ConfigClusterResolver      : Resolving eureka endpoints via configuration
2022-03-22 22:00:30.857  WARN 99981 --- [HikariPool-4 housekeeper] com.zaxxer.hikari.pool.HikariPool        : HikariPool-4 - Thread starvation or clock leap detected (housekeeper delta=9m5s801ms).
2022-03-22 22:22:57.040  WARN 99981 --- [HikariPool-4 housekeeper] com.zaxxer.hikari.pool.HikariPool        : HikariPool-4 - Thread starvation or clock leap detected (housekeeper delta=21m56s164ms).
2022-03-22 22:25:08.285  WARN 99981 --- [HikariPool-4 housekeeper] com.zaxxer.hikari.pool.HikariPool        : HikariPool-4 - Thread starvation or clock leap detected (housekeeper delta=1m41s68ms).
2022-03-22 22:33:59.613  WARN 99981 --- [HikariPool-4 housekeeper] com.zaxxer.hikari.pool.HikariPool        : HikariPool-4 - Thread starvation or clock leap detected (housekeeper delta=8m51s328ms).
2022-03-22 22:35:50.718  INFO 99981 --- [AsyncResolver-bootstrap-executor-0] c.n.d.s.r.aws.ConfigClusterResolver      : Resolving eureka endpoints via configuration
2022-03-22 22:40:50.732  INFO 99981 --- [AsyncResolver-bootstrap-executor-0] c.n.d.s.r.aws.ConfigClusterResolver      : Resolving eureka endpoints via configuration
2022-03-22 22:45:50.744  INFO 99981 --- [AsyncResolver-bootstrap-executor-0] c.n.d.s.r.aws.ConfigClusterResolver      : Resolving eureka endpoints via configuration
2022-03-22 22:50:50.758  INFO 99981 --- [AsyncResolver-bootstrap-executor-0] c.n.d.s.r.aws.ConfigClusterResolver      : Resolving eureka endpoints via configuration
